Determining if the pthread_create exist failed with the following output:
Change Dir: /home/ubuntu/TungNV/MyFirstRobot/example_ws/build/CMakeFiles/CMakeTmp

Run Build Command:"/usr/bin/make" "cmTC_8d02d/fast"
/usr/bin/make -f CMakeFiles/cmTC_8d02d.dir/build.make CMakeFiles/cmTC_8d02d.dir/build
make[1]: Entering directory '/home/ubuntu/TungNV/MyFirstRobot/example_ws/build/CMakeFiles/CMakeTmp'
Building C object CMakeFiles/cmTC_8d02d.dir/CheckSymbolExists.c.o
/usr/bin/cc     -o CMakeFiles/cmTC_8d02d.dir/CheckSymbolExists.c.o   -c /home/ubuntu/TungNV/MyFirstRobot/example_ws/build/CMakeFiles/CMakeTmp/CheckSymbolExists.c
Linking C executable cmTC_8d02d
/usr/bin/cmake -E cmake_link_script CMakeFiles/cmTC_8d02d.dir/link.txt --verbose=1
/usr/bin/cc       CMakeFiles/cmTC_8d02d.dir/CheckSymbolExists.c.o  -o cmTC_8d02d -rdynamic 
CMakeFiles/cmTC_8d02d.dir/CheckSymbolExists.c.o: In function `main':
CheckSymbolExists.c:(.text+0xe): undefined reference to `pthread_create'
CheckSymbolExists.c:(.text+0x12): undefined reference to `pthread_create'
collect2: error: ld returned 1 exit status
CMakeFiles/cmTC_8d02d.dir/build.make:97: recipe for target 'cmTC_8d02d' failed
make[1]: *** [cmTC_8d02d] Error 1
make[1]: Leaving directory '/home/ubuntu/TungNV/MyFirstRobot/example_ws/build/CMakeFiles/CMakeTmp'
Makefile:126: recipe for target 'cmTC_8d02d/fast' failed
make: *** [cmTC_8d02d/fast] Error 2

File /home/ubuntu/TungNV/MyFirstRobot/example_ws/build/CMakeFiles/CMakeTmp/CheckSymbolExists.c:
/* */
#include <pthread.h>

int main(int argc, char** argv)
{
  (void)argv;
#ifndef pthread_create
  return ((int*)(&pthread_create))[argc];
#else
  (void)argc;
  return 0;
#endif
}

Determining if the function pthread_create exists in the pthreads failed with the following output:
Change Dir: /home/ubuntu/TungNV/MyFirstRobot/example_ws/build/CMakeFiles/CMakeTmp

Run Build Command:"/usr/bin/make" "cmTC_ab879/fast"
/usr/bin/make -f CMakeFiles/cmTC_ab879.dir/build.make CMakeFiles/cmTC_ab879.dir/build
make[1]: Entering directory '/home/ubuntu/TungNV/MyFirstRobot/example_ws/build/CMakeFiles/CMakeTmp'
Building C object CMakeFiles/cmTC_ab879.dir/CheckFunctionExists.c.o
/usr/bin/cc    -DCHECK_FUNCTION_EXISTS=pthread_create   -o CMakeFiles/cmTC_ab879.dir/CheckFunctionExists.c.o   -c /usr/share/cmake-3.5/Modules/CheckFunctionExists.c
Linking C executable cmTC_ab879
/usr/bin/cmake -E cmake_link_script CMakeFiles/cmTC_ab879.dir/link.txt --verbose=1
/usr/bin/cc   -DCHECK_FUNCTION_EXISTS=pthread_create    CMakeFiles/cmTC_ab879.dir/CheckFunctionExists.c.o  -o cmTC_ab879 -rdynamic -lpthreads 
/usr/bin/ld: cannot find -lpthreads
collect2: error: ld returned 1 exit status
CMakeFiles/cmTC_ab879.dir/build.make:97: recipe for target 'cmTC_ab879' failed
make[1]: *** [cmTC_ab879] Error 1
make[1]: Leaving directory '/home/ubuntu/TungNV/MyFirstRobot/example_ws/build/CMakeFiles/CMakeTmp'
Makefile:126: recipe for target 'cmTC_ab879/fast' failed
make: *** [cmTC_ab879/fast] Error 2


